2019-12-14 00:00:45,849 [Worker-3: Loading available Gradle versions] INFO  o.e.b.c.i.u.g.PublishedGradleVersions - Gradle version information cache is out-of-date. Trying to update.
2019-12-14 00:03:51,859 [Worker-9: Building workspace] INFO  o.e.m.c.i.l.LifecycleMappingFactory - Using org.maven.ide.eclipse.wtp.WarLifecycleMapping lifecycle mapping for MavenProject: com.projet:Springweb:0.0.1-SNAPSHOT @ /home/roro/Documents/M2/nouvelle technologies/wetransfer-b74544/Springweb/pom.xml.
2019-12-14 00:03:52,794 [Worker-9: Building workspace] WARN  o.e.m.c.i.embedder.EclipseLogger - Using platform encoding (UTF-8 actually) to copy filtered resources, i.e. build is platform dependent!
2019-12-14 00:03:52,795 [Worker-9: Building workspace] INFO  o.e.m.c.i.embedder.EclipseLogger - skip non existing resourceDirectory /home/roro/Documents/M2/nouvelle technologies/wetransfer-b74544/Springweb/src/main/resources
2019-12-14 00:03:52,796 [Worker-9: Building workspace] WARN  o.e.m.c.i.embedder.EclipseLogger - Using platform encoding (UTF-8 actually) to copy filtered resources, i.e. build is platform dependent!
2019-12-14 00:03:52,797 [Worker-9: Building workspace] INFO  o.e.m.c.i.embedder.EclipseLogger - skip non existing resourceDirectory /home/roro/Documents/M2/nouvelle technologies/wetransfer-b74544/Springweb/src/test/resources
2019-12-14 00:03:53,361 [Worker-13: Updating Maven Dependencies] INFO  o.e.m.c.i.l.LifecycleMappingFactory - Using org.maven.ide.eclipse.wtp.WarLifecycleMapping lifecycle mapping for MavenProject: com.projet:Springweb:0.0.1-SNAPSHOT @ /home/roro/Documents/M2/nouvelle technologies/wetransfer-b74544/Springweb/pom.xml.
2019-12-14 00:03:57,573 [Worker-16: Building workspace] WARN  o.e.m.c.i.embedder.EclipseLogger - Using platform encoding (UTF-8 actually) to copy filtered resources, i.e. build is platform dependent!
2019-12-14 00:03:57,574 [Worker-16: Building workspace] INFO  o.e.m.c.i.embedder.EclipseLogger - skip non existing resourceDirectory /home/roro/Documents/M2/nouvelle technologies/wetransfer-b74544/Springweb/src/main/resources
2019-12-14 00:03:57,592 [Worker-16: Building workspace] WARN  o.e.m.c.i.embedder.EclipseLogger - Using platform encoding (UTF-8 actually) to copy filtered resources, i.e. build is platform dependent!
2019-12-14 00:03:57,592 [Worker-16: Building workspace] INFO  o.e.m.c.i.embedder.EclipseLogger - skip non existing resourceDirectory /home/roro/Documents/M2/nouvelle technologies/wetransfer-b74544/Springweb/src/test/resources
2019-12-14 00:11:26,703 [main] INFO  o.e.m2e.actions.ExecutePomAction - Creating new launch configuration
2019-12-14 00:11:30,666 [Worker-16: Launching Springweb] INFO  o.e.m.i.launch.MavenLaunchDelegate - /home/roro/Documents/M2/nouvelle technologies/wetransfer-b74544/Springweb
2019-12-14 00:11:30,666 [Worker-16: Launching Springweb] INFO  o.e.m.i.launch.MavenLaunchDelegate -  mvn -B 
2019-12-14 00:14:40,878 [Worker-18: Building workspace] WARN  o.e.m.c.i.embedder.EclipseLogger - Using platform encoding (UTF-8 actually) to copy filtered resources, i.e. build is platform dependent!
2019-12-14 00:14:40,884 [Worker-18: Building workspace] INFO  o.e.m.c.i.embedder.EclipseLogger - Copying 0 resource
2019-12-14 00:14:40,886 [Worker-18: Building workspace] WARN  o.e.m.c.i.embedder.EclipseLogger - Using platform encoding (UTF-8 actually) to copy filtered resources, i.e. build is platform dependent!
2019-12-14 00:14:40,886 [Worker-18: Building workspace] INFO  o.e.m.c.i.embedder.EclipseLogger - skip non existing resourceDirectory /home/roro/Documents/M2/nouvelle technologies/wetransfer-b74544/Springweb/src/test/resources
2019-12-14 00:19:33,208 [Worker-19: Building workspace] INFO  o.e.m.c.i.l.LifecycleMappingFactory - Using org.maven.ide.eclipse.wtp.WarLifecycleMapping lifecycle mapping for MavenProject: com.projet:Springweb:0.0.1-SNAPSHOT @ /home/roro/Documents/M2/nouvelle technologies/Springweb/pom.xml.
2019-12-14 00:19:33,635 [Worker-19: Building workspace] WARN  o.e.m.c.i.embedder.EclipseLogger - Using platform encoding (UTF-8 actually) to copy filtered resources, i.e. build is platform dependent!
2019-12-14 00:19:33,654 [Worker-19: Building workspace] INFO  o.e.m.c.i.embedder.EclipseLogger - Copying 0 resource
2019-12-14 00:19:33,656 [Worker-19: Building workspace] WARN  o.e.m.c.i.embedder.EclipseLogger - Using platform encoding (UTF-8 actually) to copy filtered resources, i.e. build is platform dependent!
2019-12-14 00:19:33,656 [Worker-19: Building workspace] INFO  o.e.m.c.i.embedder.EclipseLogger - skip non existing resourceDirectory /home/roro/Documents/M2/nouvelle technologies/Springweb/src/test/resources
2019-12-14 00:19:34,972 [Worker-19: Updating Maven Dependencies] INFO  o.e.m.c.i.l.LifecycleMappingFactory - Using org.maven.ide.eclipse.wtp.WarLifecycleMapping lifecycle mapping for MavenProject: com.projet:Springweb:0.0.1-SNAPSHOT @ /home/roro/Documents/M2/nouvelle technologies/Springweb/pom.xml.
2019-12-14 00:19:36,406 [Worker-20: Building workspace] WARN  o.e.m.c.i.embedder.EclipseLogger - Using platform encoding (UTF-8 actually) to copy filtered resources, i.e. build is platform dependent!
2019-12-14 00:19:36,407 [Worker-20: Building workspace] INFO  o.e.m.c.i.embedder.EclipseLogger - Copying 0 resource
2019-12-14 00:19:36,409 [Worker-20: Building workspace] WARN  o.e.m.c.i.embedder.EclipseLogger - Using platform encoding (UTF-8 actually) to copy filtered resources, i.e. build is platform dependent!
2019-12-14 00:19:36,409 [Worker-20: Building workspace] INFO  o.e.m.c.i.embedder.EclipseLogger - skip non existing resourceDirectory /home/roro/Documents/M2/nouvelle technologies/Springweb/src/test/resources
2019-12-14 00:27:05,276 [Worker-19: Building workspace] INFO  o.e.m.c.i.l.LifecycleMappingFactory - Using org.maven.ide.eclipse.wtp.WarLifecycleMapping lifecycle mapping for MavenProject: com.projet:Springweb:0.0.1-SNAPSHOT @ /home/roro/Téléchargements/wetransfer-b74544/Springweb/pom.xml.
2019-12-14 00:27:05,642 [Worker-19: Building workspace] WARN  o.e.m.c.i.embedder.EclipseLogger - Using platform encoding (UTF-8 actually) to copy filtered resources, i.e. build is platform dependent!
2019-12-14 00:27:05,643 [Worker-19: Building workspace] INFO  o.e.m.c.i.embedder.EclipseLogger - skip non existing resourceDirectory /home/roro/Téléchargements/wetransfer-b74544/Springweb/src/main/resources
2019-12-14 00:27:05,645 [Worker-19: Building workspace] WARN  o.e.m.c.i.embedder.EclipseLogger - Using platform encoding (UTF-8 actually) to copy filtered resources, i.e. build is platform dependent!
2019-12-14 00:27:05,646 [Worker-19: Building workspace] INFO  o.e.m.c.i.embedder.EclipseLogger - skip non existing resourceDirectory /home/roro/Téléchargements/wetransfer-b74544/Springweb/src/test/resources
2019-12-14 00:27:06,384 [Worker-20: Updating Maven Dependencies] INFO  o.e.m.c.i.l.LifecycleMappingFactory - Using org.maven.ide.eclipse.wtp.WarLifecycleMapping lifecycle mapping for MavenProject: com.projet:Springweb:0.0.1-SNAPSHOT @ /home/roro/Téléchargements/wetransfer-b74544/Springweb/pom.xml.
2019-12-14 00:27:08,180 [Worker-17: Building workspace] WARN  o.e.m.c.i.embedder.EclipseLogger - Using platform encoding (UTF-8 actually) to copy filtered resources, i.e. build is platform dependent!
2019-12-14 00:27:08,181 [Worker-17: Building workspace] INFO  o.e.m.c.i.embedder.EclipseLogger - skip non existing resourceDirectory /home/roro/Téléchargements/wetransfer-b74544/Springweb/src/main/resources
2019-12-14 00:27:08,183 [Worker-17: Building workspace] WARN  o.e.m.c.i.embedder.EclipseLogger - Using platform encoding (UTF-8 actually) to copy filtered resources, i.e. build is platform dependent!
2019-12-14 00:27:08,183 [Worker-17: Building workspace] INFO  o.e.m.c.i.embedder.EclipseLogger - skip non existing resourceDirectory /home/roro/Téléchargements/wetransfer-b74544/Springweb/src/test/resources
2019-12-14 00:30:51,021 [Worker-13: Building workspace] WARN  o.e.m.c.i.embedder.EclipseLogger - Using platform encoding (UTF-8 actually) to copy filtered resources, i.e. build is platform dependent!
2019-12-14 00:30:51,022 [Worker-13: Building workspace] INFO  o.e.m.c.i.embedder.EclipseLogger - skip non existing resourceDirectory /home/roro/Téléchargements/wetransfer-b74544/Springweb/src/main/resources
2019-12-14 00:30:51,023 [Worker-13: Building workspace] WARN  o.e.m.c.i.embedder.EclipseLogger - Using platform encoding (UTF-8 actually) to copy filtered resources, i.e. build is platform dependent!
2019-12-14 00:30:51,023 [Worker-13: Building workspace] INFO  o.e.m.c.i.embedder.EclipseLogger - skip non existing resourceDirectory /home/roro/Téléchargements/wetransfer-b74544/Springweb/src/test/resources
2019-12-14 00:30:59,291 [Worker-17: Building workspace] WARN  o.e.m.c.i.embedder.EclipseLogger - Using platform encoding (UTF-8 actually) to copy filtered resources, i.e. build is platform dependent!
2019-12-14 00:30:59,293 [Worker-17: Building workspace] INFO  o.e.m.c.i.embedder.EclipseLogger - skip non existing resourceDirectory /home/roro/Téléchargements/wetransfer-b74544/Springweb/src/main/resources
2019-12-14 00:30:59,296 [Worker-17: Building workspace] WARN  o.e.m.c.i.embedder.EclipseLogger - Using platform encoding (UTF-8 actually) to copy filtered resources, i.e. build is platform dependent!
2019-12-14 00:30:59,298 [Worker-17: Building workspace] INFO  o.e.m.c.i.embedder.EclipseLogger - skip non existing resourceDirectory /home/roro/Téléchargements/wetransfer-b74544/Springweb/src/test/resources
2019-12-14 00:32:15,075 [Worker-20: Building workspace] WARN  o.e.m.c.i.embedder.EclipseLogger - Using platform encoding (UTF-8 actually) to copy filtered resources, i.e. build is platform dependent!
2019-12-14 00:32:15,076 [Worker-20: Building workspace] INFO  o.e.m.c.i.embedder.EclipseLogger - skip non existing resourceDirectory /home/roro/Téléchargements/wetransfer-b74544/Springweb/src/main/resources
2019-12-14 00:32:15,077 [Worker-20: Building workspace] WARN  o.e.m.c.i.embedder.EclipseLogger - Using platform encoding (UTF-8 actually) to copy filtered resources, i.e. build is platform dependent!
2019-12-14 00:32:15,077 [Worker-20: Building workspace] INFO  o.e.m.c.i.embedder.EclipseLogger - skip non existing resourceDirectory /home/roro/Téléchargements/wetransfer-b74544/Springweb/src/test/resources
2019-12-14 00:32:54,940 [Worker-13: Building workspace] WARN  o.e.m.c.i.embedder.EclipseLogger - Using platform encoding (UTF-8 actually) to copy filtered resources, i.e. build is platform dependent!
2019-12-14 00:32:54,941 [Worker-13: Building workspace] INFO  o.e.m.c.i.embedder.EclipseLogger - skip non existing resourceDirectory /home/roro/Téléchargements/wetransfer-b74544/Springweb/src/main/resources
2019-12-14 00:32:54,942 [Worker-13: Building workspace] WARN  o.e.m.c.i.embedder.EclipseLogger - Using platform encoding (UTF-8 actually) to copy filtered resources, i.e. build is platform dependent!
2019-12-14 00:32:54,942 [Worker-13: Building workspace] INFO  o.e.m.c.i.embedder.EclipseLogger - skip non existing resourceDirectory /home/roro/Téléchargements/wetransfer-b74544/Springweb/src/test/resources
2019-12-14 00:41:01,287 [Worker-22: Building workspace] WARN  o.e.m.c.i.embedder.EclipseLogger - Using platform encoding (UTF-8 actually) to copy filtered resources, i.e. build is platform dependent!
2019-12-14 00:41:01,289 [Worker-22: Building workspace] INFO  o.e.m.c.i.embedder.EclipseLogger - skip non existing resourceDirectory /home/roro/Téléchargements/wetransfer-b74544/Springweb/src/main/resources
2019-12-14 00:41:01,290 [Worker-22: Building workspace] WARN  o.e.m.c.i.embedder.EclipseLogger - Using platform encoding (UTF-8 actually) to copy filtered resources, i.e. build is platform dependent!
2019-12-14 00:41:01,290 [Worker-22: Building workspace] INFO  o.e.m.c.i.embedder.EclipseLogger - skip non existing resourceDirectory /home/roro/Téléchargements/wetransfer-b74544/Springweb/src/test/resources
2019-12-14 00:41:07,520 [Worker-21: Building workspace] WARN  o.e.m.c.i.embedder.EclipseLogger - Using platform encoding (UTF-8 actually) to copy filtered resources, i.e. build is platform dependent!
2019-12-14 00:41:07,520 [Worker-21: Building workspace] INFO  o.e.m.c.i.embedder.EclipseLogger - skip non existing resourceDirectory /home/roro/Téléchargements/wetransfer-b74544/Springweb/src/main/resources
2019-12-14 00:41:07,521 [Worker-21: Building workspace] WARN  o.e.m.c.i.embedder.EclipseLogger - Using platform encoding (UTF-8 actually) to copy filtered resources, i.e. build is platform dependent!
2019-12-14 00:41:07,521 [Worker-21: Building workspace] INFO  o.e.m.c.i.embedder.EclipseLogger - skip non existing resourceDirectory /home/roro/Téléchargements/wetransfer-b74544/Springweb/src/test/resources
2019-12-14 00:49:38,384 [Worker-19: Building workspace] WARN  o.e.m.c.i.embedder.EclipseLogger - Using platform encoding (UTF-8 actually) to copy filtered resources, i.e. build is platform dependent!
2019-12-14 00:49:38,385 [Worker-19: Building workspace] INFO  o.e.m.c.i.embedder.EclipseLogger - skip non existing resourceDirectory /home/roro/Téléchargements/wetransfer-b74544/Springweb/src/main/resources
2019-12-14 00:49:38,395 [Worker-19: Building workspace] WARN  o.e.m.c.i.embedder.EclipseLogger - Using platform encoding (UTF-8 actually) to copy filtered resources, i.e. build is platform dependent!
2019-12-14 00:49:38,395 [Worker-19: Building workspace] INFO  o.e.m.c.i.embedder.EclipseLogger - skip non existing resourceDirectory /home/roro/Téléchargements/wetransfer-b74544/Springweb/src/test/resources
2019-12-14 00:56:51,895 [Worker-33: Building workspace] WARN  o.e.m.c.i.embedder.EclipseLogger - Using platform encoding (UTF-8 actually) to copy filtered resources, i.e. build is platform dependent!
2019-12-14 00:56:51,897 [Worker-33: Building workspace] INFO  o.e.m.c.i.embedder.EclipseLogger - skip non existing resourceDirectory /home/roro/Téléchargements/wetransfer-b74544/Springweb/src/main/resources
2019-12-14 00:56:51,901 [Worker-33: Building workspace] WARN  o.e.m.c.i.embedder.EclipseLogger - Using platform encoding (UTF-8 actually) to copy filtered resources, i.e. build is platform dependent!
2019-12-14 00:56:51,902 [Worker-33: Building workspace] INFO  o.e.m.c.i.embedder.EclipseLogger - skip non existing resourceDirectory /home/roro/Téléchargements/wetransfer-b74544/Springweb/src/test/resources
2019-12-14 15:16:55,337 [Worker-4: Loading available Gradle versions] INFO  o.e.b.c.i.u.g.PublishedGradleVersions - Gradle version information cache is up-to-date. Trying to read.
2019-12-14 15:16:59,311 [Worker-3: Building workspace] WARN  o.e.m.c.i.embedder.EclipseLogger - Using platform encoding (UTF-8 actually) to copy filtered resources, i.e. build is platform dependent!
2019-12-14 15:16:59,319 [Worker-3: Building workspace] INFO  o.e.m.c.i.embedder.EclipseLogger - skip non existing resourceDirectory /home/roro/Téléchargements/wetransfer-b74544/Springweb/src/main/resources
2019-12-14 15:16:59,323 [Worker-3: Building workspace] WARN  o.e.m.c.i.embedder.EclipseLogger - Using platform encoding (UTF-8 actually) to copy filtered resources, i.e. build is platform dependent!
2019-12-14 15:16:59,323 [Worker-3: Building workspace] INFO  o.e.m.c.i.embedder.EclipseLogger - skip non existing resourceDirectory /home/roro/Téléchargements/wetransfer-b74544/Springweb/src/test/resources
